<?xml version="1.0" encoding="UTF-8"?>
<testng-results ignored="0" total="1" passed="1" failed="0" skipped="0">
  <reporter-output>
  </reporter-output>
  <suite started-at="2023-09-03T16:21:00 IST" name="Default suite" finished-at="2023-09-03T16:21:10 IST" duration-ms="9973">
    <groups>
    </groups>
    <test started-at="2023-09-03T16:21:00 IST" name="Default test" finished-at="2023-09-03T16:21:10 IST" duration-ms="9973">
      <class name="DEMO.Ajio">
        <test-method signature="jiotest()[pri:0, instance:DEMO.Ajio@2d901eb0]" started-at="2023-09-03T16:21:00 IST" name="jiotest" finished-at="2023-09-03T16:21:10 IST" duration-ms="9925" status="PASS">
          <reporter-output>
          </reporter-output>
        </test-method> <!-- jiotest -->
      </class> <!-- DEMO.Ajio -->
    </test> <!-- Default test -->
  </suite> <!-- Default suite -->
</testng-results>
